1554889254157	mozrunner::runner	INFO	Running command: "C:\\Program Files (x86)\\Mozilla Firefox\\firefox.exe" "-marionette" "-foreground" "-no-remote" "-profile" "C:\\Users\\CD06~1\\AppData\\Local\\Temp\\rust_mozprofile.4i2toeDF8bd0"
1554889259315	addons.webextension.screenshots@mozilla.org	WARN	Loading extension 'screenshots@mozilla.org': Reading manifest: Invalid extension permission: mozillaAddons
1554889259315	addons.webextension.screenshots@mozilla.org	WARN	Loading extension 'screenshots@mozilla.org': Reading manifest: Invalid extension permission: resource://pdf.js/
1554889259316	addons.webextension.screenshots@mozilla.org	WARN	Loading extension 'screenshots@mozilla.org': Reading manifest: Invalid extension permission: about:reader*
1554889278660	Marionette	INFO	Listening on port 58136
[Child 10064, Chrome_ChildThread] WARNING: pipe error: 109: file z:/build/build/src/ipc/chromium/src/chrome/common/ipc_channel_win.cc, line 332
[Child 10064,[Parent 17412, Gecko_IOThread] WARNING: file z:/build/build/src/ipc/chromium/src/base/process_util_win.cc, line 166
1554889279273	Marionette	WARN	TLS certificate errors will be ignored for this session
1554889285043	Marionette	INFO	Stopped listening on port 58136
[Child 1380, Chrome_ChildThread] WARNING: pipe error: 109: file z:/build/build/src/ipc/chromium/src/chrome/common/ipc_channel_win.cc, line 332
[Child 1380, Chrome[Child 13832, Chrome_ChildThread] WARNING: pipe error: 109: file z:/build/build/src/ipc/chromium/src/chrome/common/ipc_channel_win.cc, line 332
[Child 1383[Parent 17412, Gecko_IOThread] WARNING: file z:/build/build/src/ipc/chromium/src/base/process_util_win.cc, line 166
[Parent 17412, Gecko_IOThread] WARNING: pipe error: 109: file z:/build/build/src/ipc/chromium/src/chrome/common/ipc_channel_win.cc, line 332
[GPU 14
###!!! [Child][RunMessage] Error: Channel closing: too late to send/recv, messages will be lost


###!!! [Child][MessageChannel::SendAndWait] Error: Channel error: cannot send/recv

1554889418754	mozrunner::runner	INFO	Running command: "C:\\Program Files (x86)\\Mozilla Firefox\\firefox.exe" "-marionette" "-foreground" "-no-remote" "-profile" "C:\\Users\\CD06~1\\AppData\\Local\\Temp\\rust_mozprofile.OFFL6xg1GNyG"
1554889419480	addons.webextension.screenshots@mozilla.org	WARN	Loading extension 'screenshots@mozilla.org': Reading manifest: Invalid extension permission: mozillaAddons
1554889419481	addons.webextension.screenshots@mozilla.org	WARN	Loading extension 'screenshots@mozilla.org': Reading manifest: Invalid extension permission: resource://pdf.js/
1554889419481	addons.webextension.screenshots@mozilla.org	WARN	Loading extension 'screenshots@mozilla.org': Reading manifest: Invalid extension permission: about:reader*
1554889423319	Marionette	INFO	Listening on port 58344
1554889423708	Marionette	WARN	TLS certificate errors will be ignored for this session
1554889430234	Marionette	INFO	Stopped listening on port 58344
JavaScript error: resource://activity-stream/lib/ActivityStreamPrefs.jsm, line 23: NS_ERROR_ILLEGAL_VALUE: Component returned failure code: 0x80070057 (NS_ERROR_ILLEGAL_VALUE) [nsIPrefBranch.removeObserver]
[Child 12520, Chrome_ChildThread] WARNING: pipe error: 109: file z:/build/build/src/ipc/chromium/src/chrome/common/ipc_channel_win.cc, line 332
[Child 12[Child 18308, Chrome_ChildThread] WARNING: pipe error: 109: file z:/build/build/src/ipc/chromium/src/chrome/common/ipc_channel_win.cc, line 332
[Child 18308, JavaScript error: resource://gre/modules/JSONFile.jsm, line 159: Error: Data is not ready.
console.error: PushService: 
  clearOriginData: Error clearing origin data:
  UnknownError
console.error: PushService: 
  stateChangeProcessEnqueue: Error transitioning state
  UnknownError

###!!! [Parent][DispatchAsyncMessage] Error: PBackgroundIDBFactory::Msg_PBackgroundIDBFactoryRequestConstructor Value error: message was deserialized, but contained an illegal value


###!!! [Parent][DispatchAsyncMessage] Error: PBackgroundIDBFactory::Msg_PBackgroundIDBFactoryRequestConstructor Value error: message was deserialized, but contained an illegal value


###!!! [Child][RunMessage] Error: Channel closing: too late to send/recv, messages will be lost

[GPU 1156, C
###!!! [Child][MessageChannel::SendAndWait] Error: Channel error: cannot send/recv

1554889479974	mozrunner::runner	INFO	Running command: "C:\\Program Files (x86)\\Mozilla Firefox\\firefox.exe" "-marionette" "-foreground" "-no-remote" "-profile" "C:\\Users\\CD06~1\\AppData\\Local\\Temp\\rust_mozprofile.d7Odji1pzqec"
1554889480589	addons.webextension.screenshots@mozilla.org	WARN	Loading extension 'screenshots@mozilla.org': Reading manifest: Invalid extension permission: mozillaAddons
1554889480589	addons.webextension.screenshots@mozilla.org	WARN	Loading extension 'screenshots@mozilla.org': Reading manifest: Invalid extension permission: resource://pdf.js/
1554889480590	addons.webextension.screenshots@mozilla.org	WARN	Loading extension 'screenshots@mozilla.org': Reading manifest: Invalid extension permission: about:reader*
[Child 11732, Chrome_ChildThread] WARNING: pipe error: 109: file z:/build/build/src/ipc/chromium/src/chrome/common/ipc_channel_win.cc, line 332
[Child 1554889484274	Marionette	INFO	Listening on port 58435
1554889484332	Marionette	WARN	TLS certificate errors will be ignored for this session
1554889487903	Marionette	INFO	Stopped listening on port 58435
JavaScript error: resource://activity-stream/lib/ActivityStreamPrefs.jsm, line 23: NS_ERROR_ILLEGAL_VALUE: Component returned failure code: 0x80070057 (NS_ERROR_ILLEGAL_VALUE) [nsIPrefBranch.removeObserver]
[Parent 12592, Gecko_IOThread] WARNING: pipe error: 109: file z:/build/build/src/ipc/chromium/src/chrome/common/ipc_channel_win.cc, line 332
[Child 13816, Chrome_ChildThread] WARNING: pipe error: 109: file z:/build/build/src/ipc/chromium/src/chro[Child 16408,me/comm Chrome_on/ipc_channeChildThread] WARNIl_win.cc, NG: pline 332
ipe error: 1[0C9: file z:/build/build/src/ipc/chromium/src/chrome/common/ipc_channel_win.cc, line 332
[Child 16408, Chr[Child 13832, Chrome_ChildThread] WARNING: pipe error: 109: file z:/build/build/src/ipc/chromium/src/chrome/common/ipc_channel_win.cc, line 332
[Child 1
###!!! [Parent][DispatchAsyncMessage] Error: PBackgroundIDBFactory::Msg_PBackgroundIDBFactoryRequestConstructor Value error: message was deserialized, but contained an illegal value


###!!! [Parent][DispatchAsyncMessage] Error: PBackgroundIDBFactory::Msg_PBackgroundIDBFactoryRequestConstructor Value error: message was deserialized, but contained an illegal value

[GPU 18
###!!! [Child][RunMessage] Error: Channel closing: too late to send/recv, messages will be lost


###!!! [Child][MessageChannel::SendAndWait] Error: Channel error: cannot send/recv

1554889570049	mozrunner::runner	INFO	Running command: "C:\\Program Files (x86)\\Mozilla Firefox\\firefox.exe" "-marionette" "-foreground" "-no-remote" "-profile" "C:\\Users\\CD06~1\\AppData\\Local\\Temp\\rust_mozprofile.eDQc2S1n5QjZ"
1554889570638	addons.webextension.screenshots@mozilla.org	WARN	Loading extension 'screenshots@mozilla.org': Reading manifest: Invalid extension permission: mozillaAddons
1554889570639	addons.webextension.screenshots@mozilla.org	WARN	Loading extension 'screenshots@mozilla.org': Reading manifest: Invalid extension permission: resource://pdf.js/
1554889570639	addons.webextension.screenshots@mozilla.org	WARN	Loading extension 'screenshots@mozilla.org': Reading manifest: Invalid extension permission: about:reader*
1554889576142	Marionette	INFO	Listening on port 58554
1554889576153	Marionette	WARN	TLS certificate errors will be ignored for this session
1554889580080	Marionette	INFO	Stopped listening on port 58554
JavaScript error: resource://activity-stream/lib/ActivityStreamPrefs.jsm, line 23: NS_ERROR_ILLEGAL_VALUE: Component returned failure code: 0x80070057 (NS_ERROR_ILLEGAL_VALUE) [nsIPrefBranch.removeObserver]
[Child 10348, Chrome_ChildThread] WARNING: pipe error: 109: file z:/build/build/src/ipc/chromium/src/chrome/common/ipc_channel_win.cc, line 332
[Child 10[Child 10064, Chrome_ChildThread] WARNING: pipe error: 109: file z:/build/build/src/ipc/chromium/src/chrome/common/ipc_channel_win.cc, line 332
[Child 1006console.error: 
  [Exception... "Component returned failure code: 0x80004005 (NS_ERROR_FAILURE) [nsIAppShellService.hiddenDOMWindow]"  nsresult: "0x80004005 (NS_ERROR_FAILURE)"  location: "JS frame :: resource://activity-stream/lib/DownloadsManager.jsm :: init :: line 44"  data: no]: init@resource://activity-stream/lib/DownloadsManager.jsm:44:5
postInit@resource://activity-stream/lib/HighlightsFeed.jsm:60:5
handler@resource://gre/modules/EventEmitter.jsm:94:11
emit@resource://gre/modules/EventEmitter.jsm:149:11
init@resource://activity-stream/lib/SectionsManager.jsm:119:5

[Child 19264, Chrome_ChildThread] WARNING: pipe error: 109: file z:/build/build/src/ipc/chromium/src/chrome/common/ipc_channel_win.cc, line 332
[Child 19264,JavaScript error: resource://gre/modules/Sqlite.jsm, line 834: Error: Connection is not open.
JavaScript error: resource://gre/modules/ExtensionSettingsStore.jsm, line 103: Error: The ExtensionSettingsStore was accessed before the initialize promise resolved.
[G
###!!! [Child][RunMessage] Error: Channel closing: too late to send/recv, messages will be lost

P
###!!! [Child][MessageChannel::SendAndWait] Error: Channel error: cannot send/recv

1554889750283	mozrunner::runner	INFO	Running command: "C:\\Program Files (x86)\\Mozilla Firefox\\firefox.exe" "-marionette" "-foreground" "-no-remote" "-profile" "C:\\Users\\CD06~1\\AppData\\Local\\Temp\\rust_mozprofile.aGbp7OzoVEpv"
1554889750881	addons.webextension.screenshots@mozilla.org	WARN	Loading extension 'screenshots@mozilla.org': Reading manifest: Invalid extension permission: mozillaAddons
1554889750881	addons.webextension.screenshots@mozilla.org	WARN	Loading extension 'screenshots@mozilla.org': Reading manifest: Invalid extension permission: resource://pdf.js/
1554889750881	addons.webextension.screenshots@mozilla.org	WARN	Loading extension 'screenshots@mozilla.org': Reading manifest: Invalid extension permission: about:reader*
1554889755297	Marionette	INFO	Listening on port 58778
1554889755794	Marionette	WARN	TLS certificate errors will be ignored for this session
1554889759401	Marionette	INFO	Stopped listening on port 58778
JavaScript error: resource://activity-stream/lib/ActivityStreamPrefs.jsm, line 23: NS_ERROR_ILLEGAL_VALUE: Component returned failure code: 0x80070057 (NS_ERROR_ILLEGAL_VALUE) [nsIPrefBranch.removeObserver]
[Child 4752, Chrome_ChildThread] WARNING: pipe error: 109: file z:/build/build/src/i[pc/Cchromium/src/chromeh/ild 7788, Chrome_ChildThread] WARcommon/ipc_chNING: pipannel_win.ce error: c, line 332
109: fi[Child 4l7e z:/build/build/src/ipc/chromium/src/chrome/common/ipc_channel_win.cc, line 332
[Child 7788, Chrome_ChildThread] WA[Parent 12644, Gecko_IOThread] WARNING: pipe error: 109: file z:/build/build/src/ipc/chromium/src/chrome/common/ipc_channel_win.cc, line 332
[Child 6296, Chrome_ChildThread] WARNING: pipe error: 109: file z:/build/build/src/ipc/chromium/src/chrome/common/ipc_channel_win.cc, line 332
[Child 6296, ChromeJavaScript error: resource://gre/modules/Sqlite.jsm, line 834: Error: Connection is not open.
console.error: 
  [Exception... "Component returned failure code: 0x80004005 (NS_ERROR_FAILURE) [nsIAppShellService.hiddenDOMWindow]"  nsresult: "0x80004005 (NS_ERROR_FAILURE)"  location: "JS frame :: resource://activity-stream/lib/DownloadsManager.jsm :: init :: line 44"  data: no]: init@resource://activity-stream/lib/DownloadsManager.jsm:44:5
postInit@resource://activity-stream/lib/HighlightsFeed.jsm:60:5
handler@resource://gre/modules/EventEmitter.jsm:94:11
emit@resource://gre/modules/EventEmitter.jsm:149:11
init@resource://activity-stream/lib/SectionsManager.jsm:119:5
observe@resource://gre/modules/AsyncShutdown.jsm:533:9

JavaScript error: resource://gre/modules/ExtensionSettingsStore.jsm, line 103: Error: The ExtensionSettingsStore was accessed before the initialize promise resolved.
JavaScript error: , line 0: AbortError: A request was aborted, for example through a call to IDBTransaction.abort.
[GPU 119
###!!! [Child][RunMessage] Error: Channel closing: too late to send/recv, messages will be lost

9
###!!! [Child][MessageChannel::SendAndWait] Error: Channel error: cannot send/recv

1554889775094	mozrunner::runner	INFO	Running command: "C:\\Program Files (x86)\\Mozilla Firefox\\firefox.exe" "-marionette" "-foreground" "-no-remote" "-profile" "C:\\Users\\CD06~1\\AppData\\Local\\Temp\\rust_mozprofile.I2Wm5vwlJ76A"
1554889775922	addons.webextension.screenshots@mozilla.org	WARN	Loading extension 'screenshots@mozilla.org': Reading manifest: Invalid extension permission: mozillaAddons
1554889775922	addons.webextension.screenshots@mozilla.org	WARN	Loading extension 'screenshots@mozilla.org': Reading manifest: Invalid extension permission: resource://pdf.js/
1554889775922	addons.webextension.screenshots@mozilla.org	WARN	Loading extension 'screenshots@mozilla.org': Reading manifest: Invalid extension permission: about:reader*
[Child 2928, Chrome_ChildThread] WARNING: pipe error: 109: file z:/build/build/src/ipc/chromium/src/chrome/common/ipc_channel_win.cc, line 332
[Child 21554889779685	Marionette	INFO	Listening on port 58846
1554889780062	Marionette	WARN	TLS certificate errors will be ignored for this session
1554889783522	Marionette	INFO	Stopped listening on port 58846
JavaScript error: resource://activity-stream/lib/ActivityStreamPrefs.jsm, line 23: NS_ERROR_ILLEGAL_VALUE: Component returned failure code: 0x80070057 (NS_ERROR_ILLEGAL_VALUE) [nsIPrefBranch.removeObserver]
[Parent 15976, Gecko_IOThread] WARNING: pipe error: 109: file z:/build/build/src/ipc/chromium/src/chrome/common/ipc_channel_win.cc, line 332
[Child 19452, Chrome_ChildThread] WARNING: pipe error: 109: file z:/build/build/src/ipc/chromium/src/chrome/common/ipc_channel_win.cc, line 332
[Child 19[Parent 15976, Gecko_IOThread] WARNING: pipe error: 109: file z:/build/build/src/ipc/chromium/src/chrome/common/ipc_channel_win.cc, line 332
[Child 11480, Chrome_ChildThread] WARNING: pipe error: 109: file z:/build/build/src/ipc/chromium/src/chrome/common/ipc_channel_win.cc, line 332
[Child 11480, Chrconsole.error: PushService: 
  stateChangeProcessEnqueue: Error transitioning state
  Message: Error: Data is not ready.
  Stack:
    get data@resource://gre/modules/JSONFile.jsm:159:13
getListeners@resource://gre/modules/PushBroadcastService.jsm:51:5
observe@resource://gre/modules/AsyncShutdown.jsm:533:9

JavaScript error: resource://gre/modules/Sqlite.jsm, line 834: Error: Connection is not open.
console.error: 
  [Exception... "Component returned failure code: 0x80004005 (NS_ERROR_FAILURE) [nsIAppShellService.hiddenDOMWindow]"  nsresult: "0x80004005 (NS_ERROR_FAILURE)"  location: "JS frame :: resource://activity-stream/lib/DownloadsManager.jsm :: init :: line 44"  data: no]: init@resource://activity-stream/lib/DownloadsManager.jsm:44:5
postInit@resource://activity-stream/lib/HighlightsFeed.jsm:60:5
handler@resource://gre/modules/EventEmitter.jsm:94:11
emit@resource://gre/modules/EventEmitter.jsm:149:11
init@resource://activity-stream/lib/SectionsManager.jsm:119:5
observe@resource://gre/modules/AsyncShutdown.jsm:533:9

JavaScript error: resource://gre/modules/ExtensionSettingsStore.jsm, line 103: Error: The ExtensionSettingsStore was accessed before the initialize promise resolved.
[GPU 3372, Chr
###!!! [Child][RunMessage] Error: Channel closing: too late to send/recv, messages will be lost


###!!! [Child][MessageChannel::SendAndWait] Error: Channel error: cannot send/recv

