1563267089255	mozrunner::runner	INFO	Running command: "C:\\Program Files\\Mozilla Firefox\\firefox.exe" "-marionette" "-foreground" "-no-remote" "-profile" "C:\\Users\\dementy\\AppData\\Local\\Temp\\rust_mozprofile.RkeZu2lekcwS"
1563267133427	addons.webextension.screenshots@mozilla.org	WARN	Loading extension 'screenshots@mozilla.org': Reading manifest: Invalid extension permission: mozillaAddons
1563267133428	addons.webextension.screenshots@mozilla.org	WARN	Loading extension 'screenshots@mozilla.org': Reading manifest: Invalid extension permission: resource://pdf.js/
1563267133428	addons.webextension.screenshots@mozilla.org	WARN	Loading extension 'screenshots@mozilla.org': Reading manifest: Invalid extension permission: about:reader*
1563267155161	mozrunner::runner	INFO	Running command: "C:\\Program Files\\Mozilla Firefox\\firefox.exe" "-marionette" "-foreground" "-no-remote" "-profile" "C:\\Users\\dementy\\AppData\\Local\\Temp\\rust_mozprofile.9tDvqDedi1d4"
1563267157550	addons.webextension.screenshots@mozilla.org	WARN	Loading extension 'screenshots@mozilla.org': Reading manifest: Invalid extension permission: mozillaAddons
1563267157550	addons.webextension.screenshots@mozilla.org	WARN	Loading extension 'screenshots@mozilla.org': Reading manifest: Invalid extension permission: resource://pdf.js/
1563267157551	addons.webextension.screenshots@mozilla.org	WARN	Loading extension 'screenshots@mozilla.org': Reading manifest: Invalid extension permission: about:reader*
[Child 7840, Chrome_ChildThread] WARNING: pipe error: 109: file z:/task_1559936101/build/src/ipc/chromium/src/chrome/common/ipc_channel_win.cc, line 341
[Child 7840, Chrome_ChildThread] WARNING: pipe error: 109: file z:/task_1559936101/build/src/ipc/chromium/src/chrome/common/ipc_channel_win.cc, line 341
1563267183933	Marionette	INFO	Listening on port 5948
1563267184340	Marionette	WARN	TLS certificate errors will be ignored for this session
1563267199718	Marionette	INFO	Stopped listening on port 5948
[Child 7860, Chrome_ChildThread] WARNING: pipe error: 109: file z:/task_1559936101/build/src/ipc/chromium/src/chrome/common/ipc_channel_win.cc, line 341
[Child 7860, Chrome_C
###!!! [Child][RunMessage] Error: Channel closing: too late to send/recv, messages will be lost

[GPU 7
###!!! [Child][MessageChannel::SendAndWait] Error: Channel error: cannot send/recv

1563267219278	mozrunner::runner	INFO	Running command: "C:\\Program Files\\Mozilla Firefox\\firefox.exe" "-marionette" "-foreground" "-no-remote" "-profile" "C:\\Users\\dementy\\AppData\\Local\\Temp\\rust_mozprofile.qdz6rCfukVBi"
1563267221593	addons.webextension.screenshots@mozilla.org	WARN	Loading extension 'screenshots@mozilla.org': Reading manifest: Invalid extension permission: mozillaAddons
1563267221594	addons.webextension.screenshots@mozilla.org	WARN	Loading extension 'screenshots@mozilla.org': Reading manifest: Invalid extension permission: resource://pdf.js/
1563267221594	addons.webextension.screenshots@mozilla.org	WARN	Loading extension 'screenshots@mozilla.org': Reading manifest: Invalid extension permission: about:reader*
1563267224662	Marionette	INFO	Listening on port 6034
1563267224733	Marionette	WARN	TLS certificate errors will be ignored for this session
1563267230777	Marionette	INFO	Stopped listening on port 6034
[Child 7612, Chrome_ChildThread] WARNING: pipe error: 109: file z:/task_1559936101/build/src/ipc/chromium/src/chrome/common/ipc_channel_win.cc, line 341
[Child 7612, Chrome_Ch[Child 8184, Chrome_ChildThread] WARNING: pipe error: 109: file z:/task_1559936101/build/src/ipc/chromium/src/chrome/common/ipc_channel_win.cc, line 341

###!!! [Child][RunMessage] Error: Channel closing: too late to send/recv, messages will be lost


###!!! [Child][RunMessage] Error: Channel closing: too late to send/recv, messages will be lost

[Parent 7340, Gecko_IOThread] WARNING: pipe error: 109: file z:/task_1559936101/build/src/ipc/chromium/src/chrome/common/ipc_channel_win.cc, line 341
[Child 809
###!!! [Child][RunMessage] Error: Channel closing: too late to send/recv, messages will be lost

[
###!!! [Child][MessageChannel::SendAndWait] Error: Channel error: cannot send/recv

